64Hhp1R5ue9mpbVm6hs9O7CduLG5s5chAn+P+LFubRqG9vfZct++ivwtzWGqHDEdyIu+Z7knGpXi/vNUTlY/mvMq8srLMKstV7ht49dbS3dlIUlWC2ujAg==
DMiLWqdpPWaQUBVzYTJNmRHwceNAc3KpuDEXxJ2rN7XGfkhz0iuOF6vpST6fdbfZxBWDee4xBPPW79IVkyV8oxs=
hF407AzxRwtcSuEcrQiyYlzHkbxlIVCnu2bzNjRPMCK4Fb0+o9lMflz6tnR4fuXm99xbpGt3ZbVnBpFp2Tipyc3BQK2KgzizHC29OXKjFQ==
XYTyCNOdiFZeoK+HOr0PF0IGxhnEvdfF/PzcdEcUn8KLgk0kd7mXC6GZ8GzAIhrV2rDxCXp9Duk+jd5WYG5js/I8jz6blgKek/xoap9kPdcvdyuTTV15QhNnowY=
9Ws3GwdmBk6EVYosPlFcxKICD28adnpdb5oJScb6zlIUILI+L7LV9EmgYWdPkbVOUz1znAJdT0nSCSDT8vfOBZ8teKMf
W5V2hOEEHLk615vDiXAMDHJIo5j2Walj3B7BQKFnm9gUCLqigLg+vqMqQZeyzOfH8znhnifFP1xOZXsZBmHcs+7f+jWLNXSjEw==
aVIWDmZwrWyd5qvx92AdxKMCD28adnpdb5oJScb6zlIUILI+L7LV9EmgYWdPkbVOUz1zkgJdT0nSCSDT8vfOBZ8teKMf
dRv5WsDID2VIU3+rYD8aqHJIo5j2Walj3B7BQKFmm9gUCLqigLg+vqMqQZeyzOfH8znhnifFP1JOZXsZBmHcs+7f+jWLNXSjEw==
3hBodTcET0XfF7x1XkAirLPacwjs7Xsbih2IHfPTKxazVjURCO6A07g+CxlZFYzg713jmtEPW8cBkWZYY8CFzu+GkWIbaUKOH8v1KZBUv0Da3M8ig/YL4rVFQ9nb2QlrgWBvWaM8
tObW3+mwxNzhOGhrC7en7RZw7a/PDsAv1g6ODbsytelaErqigLg+vqMqQYS9yP3H8znhnifFP1xMZXoZBmHcs+7f+jWLNXSjEw==
zqgAabTW118XEbvoglexiliB0uU/SEL08m/1MRoCf2bwVvMyuesCZFz6tnR4fuXm989UoHF3ZbVnBpFp2TyqyczBQK2KgzizHC29OXKjFQ==
Y6F3W9AzlG+tU2hg6RptVLPacwjs7Xsbih2IHfPTKxazVjURCO6A07g+CxlZFYzg713jmtEPW8cBkWZYY8CFzu+GkWIfYFWJH8v1KZBUv0Da3M8ii/AL47VFQ9nb2QlrgWBvWaM8
IuXlqKhE/9iUuA6RmJSUcdLMwr7RZHzz7tEz7SK99ce1TCBVuglMEQF609yq2ZO1JmhaPqjLFmft/3reANGYuZciX3st68+7hvznQxgHnMgTeYEeh4UfXC8lmpmmofyzzh+atWt1VKMz
R942alEbu6E5R/8MDF++ZA+p/WfQVtRE0me2PkGjvis260JTHgyU6MlvtgWONH+gWnwPQoIRS0M1JQM52/nJywGAL3mjHA==
68deV0EfuHZzG6p7ulKeN9PMwr7RZH/z7tEz7SK99ce1TCBVuglMEQF609yq2ZO1JmhaPqjLFmft/3reANGYuJciX3st68+7hvznQxgHnMgTeYEeh4UfWCklmpmmofyzzh+atWt1VKMz
YmSuvwPuyOfZa+iNvCclkBZq66/TFsEv1g6ODbsytelaErqigLg+vqMqQYS9yP3H8znhnifFP1lNZXMaBmHcs+7f+jWLNXSjEw==
aepfwQcV8Sn+gI5SsAJYFzZDkepaEwtqi4/yDPBTzHSsLGKZms1OGR6d3kZAniMDEqwPrvsmwu6z7Gl4vxz+Z0/nqwOt7TmyM3ejFg==
Ex0GG2snWOUr+Ygl+ZZlKU47Lhj+hsXfxepiChnZkP3lL2X1jSMWppDY/8qo2Yv27ABwJV4UPmYN60TQIRze0NiFD/ja0bXNeSNbpwl7QLCRG77rCniF9QeGcSm5P4qJZULg7aqDGPO8rR15UqM1
39cHx4uBDQpvrq1/CivQg9LMwr7RZHzz7tEz7SK99ce1TCBVuglMEQF609yq2ZO1JmhaPqjLFmft/3reANGYuZciX3st68+/j+vgQxgHnMgTeYEeh4UfWC8lk5qmofyzzh+atWt1VKMz
2brVYY2Aftmk+mOxMGFb+Uiw4Ck6nY5J/u3eNqDO4V26C54eW/aCPtMcaYvfzL6371crsw29+eLTB6Nm
PqaEKSE9+UEhSk2Kb5qRS2IR4hRb7/+H/P3Z7gSCsbNoUf6thhFewsgioJju2q8KU/qyGusgrzh3YC4zd8vL58XxCYYre6MS
WV20m9DN3rRSaL71L4usWzjj0rF/HhyX6Dn8MBEAMnaoUfI0ovsCZFz6tnR4fuXm989UoHF3ZbVnBpFp2T+vycXCQK2KgzizHC29OXKjFQ==
hFgX8RuthgXTNt9ZRyhhPGaY23SGvlrbkusFgOa+ThnSfD3em/CZTDhZXhOPz+yx4HB/7zL4rKmOHUnGxLulktp0J0DVIFunnsRn/SH7oCqTmjL6qwCiGDeArlO368vHBZGJZmtbozI=
PujBzUwa5zFVgugrvMCtnzthThp2YmkyY/KSwrvIKcYHqU4rZ+OLX3V5qd77E6Nq
6QhR/Jle8dshAveeaeUf5s7RUkHLkaU+ij8oliEVVX1vSIfcqgD3PklsszfGWftFO4Uxt/H81wWjYA==
WCpRuk+2Hc7MIrgPvfeWB49d8kREad3BNHTEIZs7jcWfZlk5QbkxmQzieJ2iQ5AjhM31yQqjbQ==
vM8aiNiMlfNY2VnP9i0JSwl+bz9ce25+TeGGoEQFOva3uedQLrXOPFEuKcXx5ApvievfN0sw48mJ2Sxxv2yiBHlox3wq4LceSUxzV0b5O2U7ZXFXcVwXZaMA
zp30T3FYxxo0NjPg+6DTY+/pyWoa0vzjXkxH56uSZuM6FjHAFdfp4g51mZXzFSMGN4PJF3DDR8oG/sn2S/6idgN06eIPhZ6//79rW501WaoDb6MO
